2380
17657
18537
22768
29001
61653
69135
75563
93254
102675
110188
142916
146352
175469
184636
189556
200135
202943
212942
220905
237183
237959
265057
317682
326816
337727
340580
343829
345757
372000
376815
381620
400340
424449
425293
430620
446732
447875
466633
467990
474565
480992
489805
503550
510965
531906
536943
544903
545944
560513
579579
588309
640212
643730
658270
658636
670737
684946
690665
695236
704712
710647
720006
721609
732074
745680
749443
762769
765701
767050
775324
776687
789056
802424
807669
808193
810365
821976
825073
825248
836277
838929
841491
849123
852311
854231
866515
882960
886251
888687
891872
894133
921007
927739
928590
936997
948731
948953
949689
955696
